Arguments: 
  /Users/nabeshin/.nodebrew/node/v14.5.0/bin/node /usr/local/bin/yarn start

PATH: 
  /usr/local/opt/mysql@5.6/bin:/Users/nabeshin/.nodebrew/current/bin:/usr/local/opt/mysql@5.6/bin:/usr/local/opt/mysql@5.6/bin:/Users/nabeshin/.rbenv/shims:/usr/local/opt/mysql@5.6/bin:/Users/nabeshin/.rbenv/shims:/Users/nabeshin/.rbenv/shims:/Users/nabeshin/.rbenv/shims:/Users/nabeshin/.rbenv/shims:/usr/local/bin:/usr/bin:/bin:/usr/sbin:/sbin:/Library/Apple/usr/bin:/usr/local/opt/mysql@5.6/bin:/opt/anaconda3/bin:/opt/anaconda3/condabin:/Users/nabeshin/.nodebrew/current/bin:/Users/nabeshin/.rbenv/shims

Yarn version: 
  1.5.1

Node version: 
  14.5.0

Platform: 
  darwin x64

npm manifest: 
  No manifest

yarn manifest: 
  No manifest

Lockfile: 
  No lockfile

Trace: 
  Error: Couldn't find a package.json file in "/Users/nabeshin/chaty/practice/server"
      at new MessageError (/usr/local/lib/node_modules/yarn/lib/cli.js:186:110)
      at /usr/local/lib/node_modules/yarn/lib/cli.js:40048:15
      at Generator.next (<anonymous>)
      at step (/usr/local/lib/node_modules/yarn/lib/cli.js:98:30)
      at /usr/local/lib/node_modules/yarn/lib/cli.js:109:13
